<?xml version="1.0" encoding="UTF-8"?>
<!-- Generated by org.testng.reporters.JUnitReportReporter -->
<testsuite hostname="AkshaySeeram" failures="0" tests="1" name="com.comcast.crm.invoicetest.TC_09" time="8.275" errors="0" timestamp="08 Sep 2023 09:21:39 GMT" skipped="0">
  <testcase classname="com.comcast.crm.invoicetest.TC_09" name="createInvoiceWith_Price_List" time="8.275"/>
</testsuite> <!-- com.comcast.crm.invoicetest.TC_09 -->
